<?xml version="1.0" encoding="UTF-8"?>
<testng-results skipped="0" failed="0" total="0" passed="0">
  <reporter-output>
  </reporter-output>
  <suite name="Mobile_android_Test.Mobile_andoid_Test.AndroidMobileTest" duration-ms="2" started-at="2018-05-30T14:21:51Z" finished-at="2018-05-30T14:21:51Z">
    <groups>
    </groups>
    <test name="Command line test" duration-ms="2" started-at="2018-05-30T14:21:51Z" finished-at="2018-05-30T14:21:51Z">
    </test> <!-- Command line test -->
  </suite> <!-- Mobile_android_Test.Mobile_andoid_Test.AndroidMobileTest -->
</testng-results>
