<?xml version="1.0" encoding="UTF-8"?>
<testsuite xmlns:xsi="http://www.w3.org/2001/XMLSchema-instance" xsi:noNamespaceSchemaLocation="https://maven.apache.org/surefire/maven-surefire-plugin/xsd/surefire-test-report.xsd" name="Mobile_android_Test.Mobile_andoid_Test.ExerciseTest" time="187.095" tests="2" errors="2" skipped="0" failures="0">
  <properties>
[...]
</properties>
  <testcase name="NoAccountTest" classname="Mobile_android_Test.Mobile_andoid_Test.ExerciseTest" time="84.085">
    <error message="Expected condition failed: waiting for element to be clickable: By.id: identifierNext (tried for 30 second(s) with 500 MILLISECONDS interval)" type="org.openqa.selenium.TimeoutException">org.openqa.selenium.TimeoutException: Expected condition failed: waiting for element to be clickable: By.id: identifierNext (tried for 30 second(s) with 500 MILLISECONDS interval)
	at Mobile_android_Test.Mobile_andoid_Test.ExerciseTest.NoAccountTest(ExerciseTest.java:56)
Caused by: org.openqa.selenium.NoSuchElementException: 
Cannot locate an element using By.id: identifierNext
For documentation on this error, please visit: http://seleniumhq.org/exceptions/no_such_element.html
Build info: version: '3.12.0', revision: '7c6e0b3', time: '2018-05-08T14:04:26.12Z'
System info: host: 'U6017127-TPD-A', ip: '10.9.215.84', os.name: 'Windows 7', os.arch: 'amd64', os.version: '6.1', java.version: '1.8.0_45'
Driver info: driver.version: unknown
	at Mobile_android_Test.Mobile_andoid_Test.ExerciseTest.NoAccountTest(ExerciseTest.java:56)
</error>
    <system-err><![CDATA[Jun 19, 2018 4:21:32 PM org.openqa.selenium.remote.ProtocolHandshake createSession
INFO: Detected dialect: OSS
]]></system-err>
  </testcase>
  <testcase name="ToggleTest" classname="Mobile_android_Test.Mobile_andoid_Test.ExerciseTest" time="103.01">
    <error message="Returned value cannot be converted to WebElement: {error=invalid selector, message=Argument was an invalid selector (e.g. XPath/CSS)., stacktrace=InvalidSelectorError: Argument was an invalid selector (e.g. XPath/CSS).&#10;    at errorFromMJSONWPStatusCode (C:\Users\u6017127\AppData\Roaming\npm\node_modules\appium\node_modules\appium-base-driver\lib\protocol\errors.js:769:12)&#10;    at Socket.&lt;anonymous&gt; (C:\Users\u6017127\AppData\Roaming\npm\node_modules\appium\node_modules\appium-android-bootstrap\lib\bootstrap.js:129:18)&#10;    at emitOne (events.js:116:13)&#10;    at Socket.emit (events.js:211:7)&#10;    at addChunk (_stream_readable.js:263:12)&#10;    at readableAddChunk (_stream_readable.js:246:13)&#10;    at Socket.Readable.push (_stream_readable.js:208:10)&#10;    at TCP.onread (net.js:607:20)}&#10;Build info: version: &apos;3.12.0&apos;, revision: &apos;7c6e0b3&apos;, time: &apos;2018-05-08T14:04:26.12Z&apos;&#10;System info: host: &apos;U6017127-TPD-A&apos;, ip: &apos;10.9.215.84&apos;, os.name: &apos;Windows 7&apos;, os.arch: &apos;amd64&apos;, os.version: &apos;6.1&apos;, java.version: &apos;1.8.0_45&apos;&#10;Driver info: driver.version: AndroidDriver" type="org.openqa.selenium.WebDriverException"><![CDATA[org.openqa.selenium.WebDriverException: 
Returned value cannot be converted to WebElement: {error=invalid selector, message=Argument was an invalid selector (e.g. XPath/CSS)., stacktrace=InvalidSelectorError: Argument was an invalid selector (e.g. XPath/CSS).
    at errorFromMJSONWPStatusCode (C:\Users\u6017127\AppData\Roaming\npm\node_modules\appium\node_modules\appium-base-driver\lib\protocol\errors.js:769:12)
    at Socket.<anonymous> (C:\Users\u6017127\AppData\Roaming\npm\node_modules\appium\node_modules\appium-android-bootstrap\lib\bootstrap.js:129:18)
    at emitOne (events.js:116:13)
    at Socket.emit (events.js:211:7)
    at addChunk (_stream_readable.js:263:12)
    at readableAddChunk (_stream_readable.js:246:13)
    at Socket.Readable.push (_stream_readable.js:208:10)
    at TCP.onread (net.js:607:20)}
Build info: version: '3.12.0', revision: '7c6e0b3', time: '2018-05-08T14:04:26.12Z'
System info: host: 'U6017127-TPD-A', ip: '10.9.215.84', os.name: 'Windows 7', os.arch: 'amd64', os.version: '6.1', java.version: '1.8.0_45'
Driver info: driver.version: AndroidDriver
	at Mobile_android_Test.Mobile_andoid_Test.ExerciseTest.ToggleTest(ExerciseTest.java:70)
Caused by: java.lang.ClassCastException: com.google.common.collect.Maps$TransformedEntriesMap cannot be cast to org.openqa.selenium.WebElement
	at Mobile_android_Test.Mobile_andoid_Test.ExerciseTest.ToggleTest(ExerciseTest.java:70)
]]></error>
    <system-err><![CDATA[Jun 19, 2018 4:23:52 PM org.openqa.selenium.remote.ProtocolHandshake createSession
INFO: Detected dialect: OSS
]]></system-err>
  </testcase>
</testsuite>