<?xml version="1.0" encoding="UTF-8"?>
<testsuite xmlns:xsi="http://www.w3.org/2001/XMLSchema-instance" xsi:noNamespaceSchemaLocation="https://maven.apache.org/surefire/maven-surefire-plugin/xsd/surefire-test-report.xsd" name="Mobile_android_Test.Mobile_andoid_Test.Hybrid_apps_Test" time="37.928" tests="1" errors="1" skipped="0" failures="0">
  <properties>
[...]
</properties>
  <testcase name="HybridSwitchTest" classname="Mobile_android_Test.Mobile_andoid_Test.Hybrid_apps_Test" time="37.921">
    <error message="Returned value cannot be converted to WebElement: {error=invalid selector, message=Locator Strategy &apos;name&apos; is not supported for this session, stacktrace=InvalidSelectorError: Locator Strategy &apos;name&apos; is not supported for this session&#10;    at AndroidDriver.validateLocatorStrategy (C:\Users\u6017127\AppData\Roaming\npm\node_modules\appium\node_modules\appium-base-driver\lib\basedriver\driver.js:328:13)&#10;    at AndroidDriver.callee$0$0$ (C:\Users\u6017127\AppData\Roaming\npm\node_modules\appium\node_modules\appium-base-driver\lib\basedriver\commands\find.js:19:8)&#10;    at tryCatch (C:\Users\u6017127\AppData\Roaming\npm\node_modules\appium\node_modules\babel-runtime\regenerator\runtime.js:67:40)&#10;    at GeneratorFunctionPrototype.invoke [as _invoke] (C:\Users\u6017127\AppData\Roaming\npm\node_modules\appium\node_modules\babel-runtime\regenerator\runtime.js:315:22)&#10;    at GeneratorFunctionPrototype.prototype.(anonymous function) [as next] (C:\Users\u6017127\AppData\Roaming\npm\node_modules\appium\node_modules\babel-runtime\regenerator\runtime.js:100:21)&#10;    at invoke (C:\Users\u6017127\AppData\Roaming\npm\node_modules\appium\node_modules\babel-runtime\regenerator\runtime.js:136:37)&#10;    at enqueueResult (C:\Users\u6017127\AppData\Roaming\npm\node_modules\appium\node_modules\babel-runtime\regenerator\runtime.js:185:17)&#10;    at new Promise (&lt;anonymous&gt;)&#10;    at new F (C:\Users\u6017127\AppData\Roaming\npm\node_modules\appium\node_modules\core-js\library\modules\$.export.js:30:36)&#10;    at AsyncIterator.enqueue (C:\Users\u6017127\AppData\Roaming\npm\node_modules\appium\node_modules\babel-runtime\regenerator\runtime.js:184:12)&#10;    at AsyncIterator.prototype.(anonymous function) [as next] (C:\Users\u6017127\AppData\Roaming\npm\node_modules\appium\node_modules\babel-runtime\regenerator\runtime.js:100:21)&#10;    at Object.runtime.async (C:\Users\u6017127\AppData\Roaming\npm\node_modules\appium\node_modules\babel-runtime\regenerator\runtime.js:209:12)&#10;    at AndroidDriver.callee$0$0 [as findElOrElsWithProcessing] (C:\Users\u6017127\AppData\Roaming\npm\node_modules\appium\node_modules\appium-base-driver\build\lib\basedriver\commands\find.js:35:30)&#10;    at AndroidDriver.callee$0$0$ (C:\Users\u6017127\AppData\Roaming\npm\node_modules\appium\node_modules\appium-base-driver\lib\basedriver\commands\find.js:35:21)&#10;    at tryCatch (C:\Users\u6017127\AppData\Roaming\npm\node_modules\appium\node_modules\babel-runtime\regenerator\runtime.js:67:40)&#10;    at GeneratorFunctionPrototype.invoke [as _invoke] (C:\Users\u6017127\AppData\Roaming\npm\node_modules\appium\node_modules\babel-runtime\regenerator\runtime.js:315:22)&#10;    at GeneratorFunctionPrototype.prototype.(anonymous function) [as next] (C:\Users\u6017127\AppData\Roaming\npm\node_modules\appium\node_modules\babel-runtime\regenerator\runtime.js:100:21)&#10;    at invoke (C:\Users\u6017127\AppData\Roaming\npm\node_modules\appium\node_modules\babel-runtime\regenerator\runtime.js:136:37)&#10;    at enqueueResult (C:\Users\u6017127\AppData\Roaming\npm\node_modules\appium\node_modules\babel-runtime\regenerator\runtime.js:185:17)&#10;    at new Promise (&lt;anonymous&gt;)&#10;    at new F (C:\Users\u6017127\AppData\Roaming\npm\node_modules\appium\node_modules\core-js\library\modules\$.export.js:30:36)&#10;    at AsyncIterator.enqueue (C:\Users\u6017127\AppData\Roaming\npm\node_modules\appium\node_modules\babel-runtime\regenerator\runtime.js:184:12)&#10;    at AsyncIterator.prototype.(anonymous function) [as next] (C:\Users\u6017127\AppData\Roaming\npm\node_modules\appium\node_modules\babel-runtime\regenerator\runtime.js:100:21)&#10;    at Object.runtime.async (C:\Users\u6017127\AppData\Roaming\npm\node_modules\appium\node_modules\babel-runtime\regenerator\runtime.js:209:12)&#10;    at AndroidDriver.callee$0$0 [as findElement] (C:\Users\u6017127\AppData\Roaming\npm\node_modules\appium\node_modules\appium-base-driver\build\lib\basedriver\commands\find.js:76:30)&#10;    at C:\Users\u6017127\AppData\Roaming\npm\node_modules\appium\node_modules\appium-base-driver\lib\basedriver\driver.js:275:26&#10;    at tryCatcher (C:\Users\u6017127\AppData\Roaming\npm\node_modules\appium\node_modules\bluebird\js\main\util.js:26:23)&#10;    at Promise._settlePromiseFromHandler (C:\Users\u6017127\AppData\Roaming\npm\node_modules\appium\node_modules\bluebird\js\main\promise.js:510:31)&#10;    at Promise._settlePromiseAt (C:\Users\u6017127\AppData\Roaming\npm\node_modules\appium\node_modules\bluebird\js\main\promise.js:584:18)&#10;    at Promise._settlePromiseAtPostResolution (C:\Users\u6017127\AppData\Roaming\npm\node_modules\appium\node_modules\bluebird\js\main\promise.js:248:10)&#10;    at Async._drainQueue (C:\Users\u6017127\AppData\Roaming\npm\node_modules\appium\node_modules\bluebird\js\main\async.js:128:12)&#10;    at Async._drainQueues (C:\Users\u6017127\AppData\Roaming\npm\node_modules\appium\node_modules\bluebird\js\main\async.js:133:10)&#10;    at Immediate.Async.drainQueues [as _onImmediate] (C:\Users\u6017127\AppData\Roaming\npm\node_modules\appium\node_modules\bluebird\js\main\async.js:15:14)&#10;    at runCallback (timers.js:794:20)&#10;    at tryOnImmediate (timers.js:752:5)&#10;    at processImmediate [as _immediateCallback] (timers.js:729:5)}&#10;Build info: version: &apos;3.12.0&apos;, revision: &apos;7c6e0b3&apos;, time: &apos;2018-05-08T14:04:26.12Z&apos;&#10;System info: host: &apos;U6017127-TPD-A&apos;, ip: &apos;10.9.215.84&apos;, os.name: &apos;Windows 7&apos;, os.arch: &apos;amd64&apos;, os.version: &apos;6.1&apos;, java.version: &apos;1.8.0_45&apos;&#10;Driver info: driver.version: AndroidDriver" type="org.openqa.selenium.WebDriverException"><![CDATA[org.openqa.selenium.WebDriverException: 
Returned value cannot be converted to WebElement: {error=invalid selector, message=Locator Strategy 'name' is not supported for this session, stacktrace=InvalidSelectorError: Locator Strategy 'name' is not supported for this session
    at AndroidDriver.validateLocatorStrategy (C:\Users\u6017127\AppData\Roaming\npm\node_modules\appium\node_modules\appium-base-driver\lib\basedriver\driver.js:328:13)
    at AndroidDriver.callee$0$0$ (C:\Users\u6017127\AppData\Roaming\npm\node_modules\appium\node_modules\appium-base-driver\lib\basedriver\commands\find.js:19:8)
    at tryCatch (C:\Users\u6017127\AppData\Roaming\npm\node_modules\appium\node_modules\babel-runtime\regenerator\runtime.js:67:40)
    at GeneratorFunctionPrototype.invoke [as _invoke] (C:\Users\u6017127\AppData\Roaming\npm\node_modules\appium\node_modules\babel-runtime\regenerator\runtime.js:315:22)
    at GeneratorFunctionPrototype.prototype.(anonymous function) [as next] (C:\Users\u6017127\AppData\Roaming\npm\node_modules\appium\node_modules\babel-runtime\regenerator\runtime.js:100:21)
    at invoke (C:\Users\u6017127\AppData\Roaming\npm\node_modules\appium\node_modules\babel-runtime\regenerator\runtime.js:136:37)
    at enqueueResult (C:\Users\u6017127\AppData\Roaming\npm\node_modules\appium\node_modules\babel-runtime\regenerator\runtime.js:185:17)
    at new Promise (<anonymous>)
    at new F (C:\Users\u6017127\AppData\Roaming\npm\node_modules\appium\node_modules\core-js\library\modules\$.export.js:30:36)
    at AsyncIterator.enqueue (C:\Users\u6017127\AppData\Roaming\npm\node_modules\appium\node_modules\babel-runtime\regenerator\runtime.js:184:12)
    at AsyncIterator.prototype.(anonymous function) [as next] (C:\Users\u6017127\AppData\Roaming\npm\node_modules\appium\node_modules\babel-runtime\regenerator\runtime.js:100:21)
    at Object.runtime.async (C:\Users\u6017127\AppData\Roaming\npm\node_modules\appium\node_modules\babel-runtime\regenerator\runtime.js:209:12)
    at AndroidDriver.callee$0$0 [as findElOrElsWithProcessing] (C:\Users\u6017127\AppData\Roaming\npm\node_modules\appium\node_modules\appium-base-driver\build\lib\basedriver\commands\find.js:35:30)
    at AndroidDriver.callee$0$0$ (C:\Users\u6017127\AppData\Roaming\npm\node_modules\appium\node_modules\appium-base-driver\lib\basedriver\commands\find.js:35:21)
    at tryCatch (C:\Users\u6017127\AppData\Roaming\npm\node_modules\appium\node_modules\babel-runtime\regenerator\runtime.js:67:40)
    at GeneratorFunctionPrototype.invoke [as _invoke] (C:\Users\u6017127\AppData\Roaming\npm\node_modules\appium\node_modules\babel-runtime\regenerator\runtime.js:315:22)
    at GeneratorFunctionPrototype.prototype.(anonymous function) [as next] (C:\Users\u6017127\AppData\Roaming\npm\node_modules\appium\node_modules\babel-runtime\regenerator\runtime.js:100:21)
    at invoke (C:\Users\u6017127\AppData\Roaming\npm\node_modules\appium\node_modules\babel-runtime\regenerator\runtime.js:136:37)
    at enqueueResult (C:\Users\u6017127\AppData\Roaming\npm\node_modules\appium\node_modules\babel-runtime\regenerator\runtime.js:185:17)
    at new Promise (<anonymous>)
    at new F (C:\Users\u6017127\AppData\Roaming\npm\node_modules\appium\node_modules\core-js\library\modules\$.export.js:30:36)
    at AsyncIterator.enqueue (C:\Users\u6017127\AppData\Roaming\npm\node_modules\appium\node_modules\babel-runtime\regenerator\runtime.js:184:12)
    at AsyncIterator.prototype.(anonymous function) [as next] (C:\Users\u6017127\AppData\Roaming\npm\node_modules\appium\node_modules\babel-runtime\regenerator\runtime.js:100:21)
    at Object.runtime.async (C:\Users\u6017127\AppData\Roaming\npm\node_modules\appium\node_modules\babel-runtime\regenerator\runtime.js:209:12)
    at AndroidDriver.callee$0$0 [as findElement] (C:\Users\u6017127\AppData\Roaming\npm\node_modules\appium\node_modules\appium-base-driver\build\lib\basedriver\commands\find.js:76:30)
    at C:\Users\u6017127\AppData\Roaming\npm\node_modules\appium\node_modules\appium-base-driver\lib\basedriver\driver.js:275:26
    at tryCatcher (C:\Users\u6017127\AppData\Roaming\npm\node_modules\appium\node_modules\bluebird\js\main\util.js:26:23)
    at Promise._settlePromiseFromHandler (C:\Users\u6017127\AppData\Roaming\npm\node_modules\appium\node_modules\bluebird\js\main\promise.js:510:31)
    at Promise._settlePromiseAt (C:\Users\u6017127\AppData\Roaming\npm\node_modules\appium\node_modules\bluebird\js\main\promise.js:584:18)
    at Promise._settlePromiseAtPostResolution (C:\Users\u6017127\AppData\Roaming\npm\node_modules\appium\node_modules\bluebird\js\main\promise.js:248:10)
    at Async._drainQueue (C:\Users\u6017127\AppData\Roaming\npm\node_modules\appium\node_modules\bluebird\js\main\async.js:128:12)
    at Async._drainQueues (C:\Users\u6017127\AppData\Roaming\npm\node_modules\appium\node_modules\bluebird\js\main\async.js:133:10)
    at Immediate.Async.drainQueues [as _onImmediate] (C:\Users\u6017127\AppData\Roaming\npm\node_modules\appium\node_modules\bluebird\js\main\async.js:15:14)
    at runCallback (timers.js:794:20)
    at tryOnImmediate (timers.js:752:5)
    at processImmediate [as _immediateCallback] (timers.js:729:5)}
Build info: version: '3.12.0', revision: '7c6e0b3', time: '2018-05-08T14:04:26.12Z'
System info: host: 'U6017127-TPD-A', ip: '10.9.215.84', os.name: 'Windows 7', os.arch: 'amd64', os.version: '6.1', java.version: '1.8.0_45'
Driver info: driver.version: AndroidDriver
	at Mobile_android_Test.Mobile_andoid_Test.Hybrid_apps_Test.HybridSwitchTest(Hybrid_apps_Test.java:69)
Caused by: java.lang.ClassCastException: com.google.common.collect.Maps$TransformedEntriesMap cannot be cast to org.openqa.selenium.WebElement
	at Mobile_android_Test.Mobile_andoid_Test.Hybrid_apps_Test.HybridSwitchTest(Hybrid_apps_Test.java:69)
]]></error>
    <system-out><![CDATA[NATIVE_APP
NATIVE_APP
]]></system-out>
    <system-err><![CDATA[Jun 19, 2018 4:24:46 PM org.openqa.selenium.remote.ProtocolHandshake createSession
INFO: Detected dialect: OSS
]]></system-err>
  </testcase>
</testsuite>